<?xml version="1.0" encoding="UTF-8"?>
<!-- Generated by org.testng.reporters.JUnitReportReporter -->
<testsuite hostname="evgeniy-Lenovo-ideapad-330-15IKB" failures="0" tests="1" name="MainPageTest" time="14.552" errors="0" timestamp="2022-04-30T13:12:14 SAMT" skipped="0">
  <testcase classname="MainPageTest" name="checkRegisterButton" time="14.552"/>
  <system-out/>
</testsuite> <!-- MainPageTest -->
